\BOOKMARK [1][-]{section.1}{\376\377\000W\000s\000t\001\031\000p}{}% 1
\BOOKMARK [2][-]{subsection.1.1}{\376\377\000K\000o\000n\000c\000e\000p\000c\000j\000a\000\040\000a\000r\000c\000h\000i\000t\000e\000k\000t\000u\000r\000y\000\040\000s\000y\000s\000t\000e\000m\000u\000\040\000t\000e\000l\000e\000m\000e\000t\000r\000y\000c\000z\000n\000e\000g\000o}{section.1}% 2
\BOOKMARK [1][-]{section.2}{\376\377\000P\000r\000o\000j\000e\000k\000t\000\040\000s\000p\000r\000z\001\031\000t\000o\000w\000y}{}% 3
\BOOKMARK [2][-]{subsection.2.1}{\376\377\000E\000l\000e\000m\000e\000n\000t\000y\000\040\000u\000k\001\102\000a\000d\000u}{section.2}% 4
\BOOKMARK [2][-]{subsection.2.2}{\376\377\000K\000o\000n\000f\000i\000g\000u\000r\000a\000c\000j\000a\000\040\000i\000n\000t\000e\000r\000f\000e\000j\000s\000\363\000w\000\040\000i\000\040\000p\000o\001\102\001\005\000c\000z\000e\001\104}{section.2}% 5
\BOOKMARK [2][-]{subsection.2.3}{\376\377\000P\000r\000o\000j\000e\000k\000t\000\040\000o\000b\000u\000d\000o\000w\000y}{section.2}% 6
\BOOKMARK [1][-]{section.3}{\376\377\000P\000r\000z\000e\000g\000l\001\005\000d\000\040\000t\000e\000c\000h\000n\000o\000l\000o\000g\000i\000i\000\040\000i\000\040\000n\000a\000r\000z\001\031\000d\000z\000i}{}% 7
\BOOKMARK [2][-]{subsection.3.1}{\376\377\000R\000o\000z\000w\000\363\000j\000\040\000I\000o\000T\000\040\000i\000\040\000m\000i\000n\000i\000a\000t\000u\000r\000y\000z\000a\000c\000j\000a}{section.3}% 8
\BOOKMARK [2][-]{subsection.3.2}{\376\377\000T\000e\000l\000e\000m\000e\000t\000r\000i\000a\000\040\000i\000\040\000p\000r\000z\000e\000t\000w\000a\000r\000z\000a\000n\000i\000e\000\040\000d\000a\000n\000y\000c\000h}{section.3}% 9
\BOOKMARK [2][-]{subsection.3.3}{\376\377\000A\000r\000c\000h\000i\000t\000e\000k\000t\000u\000r\000a\000\040\000E\000S\000P\0003\0002}{section.3}% 10
\BOOKMARK [2][-]{subsection.3.4}{\376\377\000S\000y\000s\000t\000e\000m\000\040\000G\000N\000S\000S\000\040\000i\000\040\000p\000r\000o\000t\000o\000k\000\363\001\102\000\040\000N\000M\000E\000A\000\040\0000\0001\0008\0003}{section.3}% 11
\BOOKMARK [2][-]{subsection.3.5}{\376\377\000M\000a\000g\000i\000s\000t\000r\000a\000l\000e\000\040\000k\000o\000m\000u\000n\000i\000k\000a\000c\000y\000j\000n\000e\000\040\000w\000\040\000s\000y\000s\000t\000e\000m\000a\000c\000h\000\040\000w\000b\000u\000d\000o\000w\000a\000n\000y\000c\000h}{section.3}% 12
\BOOKMARK [1][-]{section.4}{\376\377\000I\000m\000p\000l\000e\000m\000e\000n\000t\000a\000c\000j\000a\000\040\000o\000p\000r\000o\000g\000r\000a\000m\000o\000w\000a\000n\000i\000a}{}% 13
\BOOKMARK [2][-]{subsection.4.1}{\376\377\000O\000p\000i\000s\000\040\000f\000u\000n\000k\000c\000j\000o\000n\000a\000l\000n\000o\001\133\000c\000i\000\040\000i\000\040\000o\000b\000s\001\102\000u\000g\000a\000\040\000a\000p\000l\000i\000k\000a\000c\000j\000i}{section.4}% 14
\BOOKMARK [3][-]{subsubsection.4.1.1}{\376\377\000E\000k\000r\000a\000n\000\040\000g\001\102\000\363\000w\000n\000y\000\040\000i\000\040\000p\000a\000r\000a\000m\000e\000t\000r\000y\000\040\000n\000a\000\040\001\174\000y\000w\000o}{subsection.4.1}% 15
\BOOKMARK [3][-]{subsubsection.4.1.2}{\376\377\000Z\000a\000r\000z\001\005\000d\000z\000a\000n\000i\000e\000\040\000p\000l\000i\000k\000a\000m\000i\000\040\000i\000\040\000h\000i\000s\000t\000o\000r\000i\000a\000\040\000t\000r\000a\000s}{subsection.4.1}% 16
\BOOKMARK [2][-]{subsection.4.2}{\376\377\000S\000z\000c\000z\000e\000g\000\363\001\102\000y\000\040\000t\000e\000c\000h\000n\000i\000c\000z\000n\000e\000\040\000i\000m\000p\000l\000e\000m\000e\000n\000t\000a\000c\000j\000i}{section.4}% 17
\BOOKMARK [1][-]{section.5}{\376\377\000T\000e\000s\000t\000y\000\040\000i\000\040\000a\000n\000a\000l\000i\000z\000a\000\040\000w\000y\000n\000i\000k\000\363\000w}{}% 18
\BOOKMARK [2][-]{subsection.5.1}{\376\377\000T\000e\000s\000t\000y\000\040\000m\000o\000d\000u\001\102\000u\000\040\000G\000P\000S\000\040\000\050\000C\000o\000l\000d\000\040\000S\000t\000a\000r\000t\000\040\000v\000s\000\040\000H\000o\000t\000\040\000S\000t\000a\000r\000t\000\051}{section.5}% 19
\BOOKMARK [2][-]{subsection.5.2}{\376\377\000A\000n\000a\000l\000i\000z\000a\000\040\000j\000a\000k\000o\001\133\000c\000i\000\040\001\133\000l\000a\000d\000u\000\040\000w\000\040\000r\000u\000c\000h\000u}{section.5}% 20
\BOOKMARK [2][-]{subsection.5.3}{\376\377\000B\000i\000l\000a\000n\000s\000\040\000e\000n\000e\000r\000g\000e\000t\000y\000c\000z\000n\000y\000\040\000i\000\040\000c\000z\000a\000s\000\040\000p\000r\000a\000c\000y}{section.5}% 21
\BOOKMARK [1][-]{section.6}{\376\377\000P\000o\000d\000s\000u\000m\000o\000w\000a\000n\000i\000e\000\040\000i\000\040\000w\000n\000i\000o\000s\000k\000i}{}% 22
\BOOKMARK [2][-]{subsection.6.1}{\376\377\000W\000n\000i\000o\000s\000k\000i\000\040\000k\000o\001\104\000c\000o\000w\000e}{section.6}% 23
\BOOKMARK [2][-]{subsection.6.2}{\376\377\000P\000o\000d\000s\000u\000m\000o\000w\000a\000n\000i\000e\000\040\000d\000z\000i\000a\001\102\000a\000n\000i\000a}{section.6}% 24
