This is pdfTeX, Version 3.141592653-2.6-1.40.22 (TeX Live 2022/dev/Debian) (preloaded format=pdflatex 2026.1.7)  9 JAN 2026 17:43
entering extended mode
 restricted \write18 enabled.
 file:line:error style messages enabled.
 %&-line parsing enabled.
**/home/pawel/GPS-Tracker/docs/sample.tex
(/home/pawel/GPS-Tracker/docs/sample.tex
LaTeX2e <2021-11-15> patch level 1
L3 programming layer <2022-01-21> (/usr/share/texlive/texmf-dist/tex/latex/base/article.cls
Document Class: article 2021/10/04 v1.4n Standard LaTeX document class
(/usr/share/texlive/texmf-dist/tex/latex/base/size12.clo
File: size12.clo 2021/10/04 v1.4n Standard LaTeX file (size option)
)
\c@part=\count185
\c@section=\count186
\c@subsection=\count187
\c@subsubsection=\count188
\c@paragraph=\count189
\c@subparagraph=\count190
\c@figure=\count191
\c@table=\count192
\abovecaptionskip=\skip47
\belowcaptionskip=\skip48
\bibindent=\dimen138
) (/usr/share/texlive/texmf-dist/tex/latex/base/inputenc.sty
Package: inputenc 2021/02/14 v1.3d Input encoding file
\inpenc@prehook=\toks16
\inpenc@posthook=\toks17
) (/usr/share/texlive/texmf-dist/tex/latex/base/fontenc.sty
Package: fontenc 2021/04/29 v2.0v Standard LaTeX package
) (/usr/share/texlive/texmf-dist/tex/latex/graphics/graphicx.sty
Package: graphicx 2021/09/16 v1.2d Enhanced LaTeX Graphics (DPC,SPQR)
 (/usr/share/texlive/texmf-dist/tex/latex/graphics/keyval.sty
Package: keyval 2014/10/28 v1.15 key=value parser (DPC)
\KV@toks@=\toks18
) (/usr/share/texlive/texmf-dist/tex/latex/graphics/graphics.sty
Package: graphics 2021/03/04 v1.4d Standard LaTeX Graphics (DPC,SPQR)
 (/usr/share/texlive/texmf-dist/tex/latex/graphics/trig.sty
Package: trig 2021/08/11 v1.11 sin cos tan (DPC)
) (/usr/share/texlive/texmf-dist/tex/latex/graphics-cfg/graphics.cfg
File: graphics.cfg 2016/06/04 v1.11 sample graphics configuration
)
Package graphics Info: Driver file: pdftex.def on input line 107.
 (/usr/share/texlive/texmf-dist/tex/latex/graphics-def/pdftex.def
File: pdftex.def 2020/10/05 v1.2a Graphics/color driver for pdftex
))
\Gin@req@height=\dimen139
\Gin@req@width=\dimen140
) (/usr/share/texlive/texmf-dist/tex/latex/float/float.sty
Package: float 2001/11/08 v1.3d Float enhancements (AL)
\c@float@type=\count193
\float@exts=\toks19
\float@box=\box50
\@float@everytoks=\toks20
\@floatcapt=\box51
) (/usr/share/texlive/texmf-dist/tex/latex/tools/indentfirst.sty
Package: indentfirst 1995/11/23 v1.03 Indent first paragraph (DPC)
) (/usr/share/texlive/texmf-dist/tex/latex/geometry/geometry.sty
Package: geometry 2020/01/02 v5.9 Page Geometry
 (/usr/share/texlive/texmf-dist/tex/generic/iftex/ifvtex.sty
Package: ifvtex 2019/10/25 v1.7 ifvtex legacy package. Use iftex instead.
 (/usr/share/texlive/texmf-dist/tex/generic/iftex/iftex.sty
Package: iftex 2020/03/06 v1.0d TeX engine tests
))
\Gm@cnth=\count194
\Gm@cntv=\count195
\c@Gm@tempcnt=\count196
\Gm@bindingoffset=\dimen141
\Gm@wd@mp=\dimen142
\Gm@odd@mp=\dimen143
\Gm@even@mp=\dimen144
\Gm@layoutwidth=\dimen145
\Gm@layoutheight=\dimen146
\Gm@layouthoffset=\dimen147
\Gm@layoutvoffset=\dimen148
\Gm@dimlist=\toks21
) (/usr/share/texlive/texmf-dist/tex/latex/titlesec/titlesec.sty
Package: titlesec 2021/07/05 v2.14 Sectioning titles
\ttl@box=\box52
\beforetitleunit=\skip49
\aftertitleunit=\skip50
\ttl@plus=\dimen149
\ttl@minus=\dimen150
\ttl@toksa=\toks22
\titlewidth=\dimen151
\titlewidthlast=\dimen152
\titlewidthfirst=\dimen153
) (/usr/share/texlive/texmf-dist/tex/latex/hyperref/hyperref.sty
Package: hyperref 2021-06-07 v7.00m Hypertext links for LaTeX
 (/usr/share/texlive/texmf-dist/tex/generic/ltxcmds/ltxcmds.sty
Package: ltxcmds 2020-05-10 v1.25 LaTeX kernel commands for general use (HO)
) (/usr/share/texlive/texmf-dist/tex/generic/pdftexcmds/pdftexcmds.sty
Package: pdftexcmds 2020-06-27 v0.33 Utility functions of pdfTeX for LuaTeX (HO)
 (/usr/share/texlive/texmf-dist/tex/generic/infwarerr/infwarerr.sty
Package: infwarerr 2019/12/03 v1.5 Providing info/warning/error messages (HO)
)
Package pdftexcmds Info: \pdf@primitive is available.
Package pdftexcmds Info: \pdf@ifprimitive is available.
Package pdftexcmds Info: \pdfdraftmode found.
) (/usr/share/texlive/texmf-dist/tex/generic/kvsetkeys/kvsetkeys.sty
Package: kvsetkeys 2019/12/15 v1.18 Key value parser (HO)
) (/usr/share/texlive/texmf-dist/tex/generic/kvdefinekeys/kvdefinekeys.sty
Package: kvdefinekeys 2019-12-19 v1.6 Define keys (HO)
) (/usr/share/texlive/texmf-dist/tex/generic/pdfescape/pdfescape.sty
Package: pdfescape 2019/12/09 v1.15 Implements pdfTeX's escape features (HO)
) (/usr/share/texlive/texmf-dist/tex/latex/hycolor/hycolor.sty
Package: hycolor 2020-01-27 v1.10 Color options for hyperref/bookmark (HO)
) (/usr/share/texlive/texmf-dist/tex/latex/letltxmacro/letltxmacro.sty
Package: letltxmacro 2019/12/03 v1.6 Let assignment for LaTeX macros (HO)
) (/usr/share/texlive/texmf-dist/tex/latex/auxhook/auxhook.sty
Package: auxhook 2019-12-17 v1.6 Hooks for auxiliary files (HO)
) (/usr/share/texlive/texmf-dist/tex/latex/kvoptions/kvoptions.sty
Package: kvoptions 2020-10-07 v3.14 Key value format for package options (HO)
)
\@linkdim=\dimen154
\Hy@linkcounter=\count197
\Hy@pagecounter=\count198
 (/usr/share/texlive/texmf-dist/tex/latex/hyperref/pd1enc.def
File: pd1enc.def 2021-06-07 v7.00m Hyperref: PDFDocEncoding definition (HO)
Now handling font encoding PD1 ...
... no UTF-8 mapping file for font encoding PD1
) (/usr/share/texlive/texmf-dist/tex/latex/hyperref/hyperref-langpatches.def
File: hyperref-langpatches.def 2021-06-07 v7.00m Hyperref: patches for babel languages
) (/usr/share/texlive/texmf-dist/tex/generic/intcalc/intcalc.sty
Package: intcalc 2019/12/15 v1.3 Expandable calculations with integers (HO)
) (/usr/share/texlive/texmf-dist/tex/generic/etexcmds/etexcmds.sty
Package: etexcmds 2019/12/15 v1.7 Avoid name clashes with e-TeX commands (HO)
)
\Hy@SavedSpaceFactor=\count199
 (/usr/share/texlive/texmf-dist/tex/latex/hyperref/puenc.def
File: puenc.def 2021-06-07 v7.00m Hyperref: PDF Unicode definition (HO)
Now handling font encoding PU ...
... no UTF-8 mapping file for font encoding PU
)
Package hyperref Info: Hyper figures OFF on input line 4192.
Package hyperref Info: Link nesting OFF on input line 4197.
Package hyperref Info: Hyper index ON on input line 4200.
Package hyperref Info: Plain pages OFF on input line 4207.
Package hyperref Info: Backreferencing OFF on input line 4212.
Package hyperref Info: Implicit mode ON; LaTeX internals redefined.
Package hyperref Info: Bookmarks ON on input line 4445.
\c@Hy@tempcnt=\count266
 (/usr/share/texlive/texmf-dist/tex/latex/url/url.sty
\Urlmuskip=\muskip16
Package: url 2013/09/16  ver 3.4  Verb mode for urls, etc.
)
LaTeX Info: Redefining \url on input line 4804.
\XeTeXLinkMargin=\dimen155
 (/usr/share/texlive/texmf-dist/tex/generic/bitset/bitset.sty
Package: bitset 2019/12/09 v1.3 Handle bit-vector datatype (HO)
 (/usr/share/texlive/texmf-dist/tex/generic/bigintcalc/bigintcalc.sty
Package: bigintcalc 2019/12/15 v1.5 Expandable calculations on big integers (HO)
))
\Fld@menulength=\count267
\Field@Width=\dimen156
\Fld@charsize=\dimen157
Package hyperref Info: Hyper figures OFF on input line 6076.
Package hyperref Info: Link nesting OFF on input line 6081.
Package hyperref Info: Hyper index ON on input line 6084.
Package hyperref Info: backreferencing OFF on input line 6091.
Package hyperref Info: Link coloring OFF on input line 6096.
Package hyperref Info: Link coloring with OCG OFF on input line 6101.
Package hyperref Info: PDF/A mode OFF on input line 6106.
LaTeX Info: Redefining \ref on input line 6146.
LaTeX Info: Redefining \pageref on input line 6150.
 (/usr/share/texlive/texmf-dist/tex/latex/base/atbegshi-ltx.sty
Package: atbegshi-ltx 2021/01/10 v1.0c Emulation of the original atbegshi
package with kernel methods
)
\Hy@abspage=\count268
\c@Item=\count269
\c@Hfootnote=\count270
)
Package hyperref Info: Driver (autodetected): hpdftex.
 (/usr/share/texlive/texmf-dist/tex/latex/hyperref/hpdftex.def
File: hpdftex.def 2021-06-07 v7.00m Hyperref driver for pdfTeX
 (/usr/share/texlive/texmf-dist/tex/latex/base/atveryend-ltx.sty
Package: atveryend-ltx 2020/08/19 v1.0a Emulation of the original atveryend package
with kernel methods
)
\Fld@listcount=\count271
\c@bookmark@seq@number=\count272
 (/usr/share/texlive/texmf-dist/tex/latex/rerunfilecheck/rerunfilecheck.sty
Package: rerunfilecheck 2019/12/05 v1.9 Rerun checks for auxiliary files (HO)
 (/usr/share/texlive/texmf-dist/tex/generic/uniquecounter/uniquecounter.sty
Package: uniquecounter 2019/12/15 v1.4 Provide unlimited unique counter (HO)
)
Package uniquecounter Info: New unique counter `rerunfilecheck' on input line 286.
)
\Hy@SectionHShift=\skip51
) (/usr/share/texlive/texmf-dist/tex/latex/l3backend/l3backend-pdftex.def
File: l3backend-pdftex.def 2022-01-12 L3 backend support: PDF output (pdfTeX)
\l__color_backend_stack_int=\count273
\l__pdf_internal_box=\box53
) (./sample.aux)
\openout1 = `sample.aux'.

LaTeX Font Info:    Checking defaults for OML/cmm/m/it on input line 21.
LaTeX Font Info:    ... okay on input line 21.
LaTeX Font Info:    Checking defaults for OMS/cmsy/m/n on input line 21.
LaTeX Font Info:    ... okay on input line 21.
LaTeX Font Info:    Checking defaults for OT1/cmr/m/n on input line 21.
LaTeX Font Info:    ... okay on input line 21.
LaTeX Font Info:    Checking defaults for T1/cmr/m/n on input line 21.
LaTeX Font Info:    ... okay on input line 21.
LaTeX Font Info:    Checking defaults for TS1/cmr/m/n on input line 21.
LaTeX Font Info:    ... okay on input line 21.
LaTeX Font Info:    Checking defaults for OMX/cmex/m/n on input line 21.
LaTeX Font Info:    ... okay on input line 21.
LaTeX Font Info:    Checking defaults for U/cmr/m/n on input line 21.
LaTeX Font Info:    ... okay on input line 21.
LaTeX Font Info:    Checking defaults for PD1/pdf/m/n on input line 21.
LaTeX Font Info:    ... okay on input line 21.
LaTeX Font Info:    Checking defaults for PU/pdf/m/n on input line 21.
LaTeX Font Info:    ... okay on input line 21.
 (/usr/share/texlive/texmf-dist/tex/context/base/mkii/supp-pdf.mkii
[Loading MPS to PDF converter (version 2006.09.02).]
\scratchcounter=\count274
\scratchdimen=\dimen158
\scratchbox=\box54
\nofMPsegments=\count275
\nofMParguments=\count276
\everyMPshowfont=\toks23
\MPscratchCnt=\count277
\MPscratchDim=\dimen159
\MPnumerator=\count278
\makeMPintoPDFobject=\count279
\everyMPtoPDFconversion=\toks24
) (/usr/share/texlive/texmf-dist/tex/latex/epstopdf-pkg/epstopdf-base.sty
Package: epstopdf-base 2020-01-24 v2.11 Base part for package epstopdf
Package epstopdf-base Info: Redefining graphics rule for `.eps' on input line 485.
 (/usr/share/texlive/texmf-dist/tex/latex/latexconfig/epstopdf-sys.cfg
File: epstopdf-sys.cfg 2010/07/13 v1.3 Configuration of (r)epstopdf for TeX Live
))
*geometry* driver: auto-detecting
*geometry* detected driver: pdftex
*geometry* verbose mode - [ preamble ] result:
* driver: pdftex
* paper: a4paper
* layout: <same size as paper>
* layoutoffset:(h,v)=(0.0pt,0.0pt)
* modes: 
* h-part:(L,W,R)=(71.13188pt, 483.69684pt, 42.67915pt)
* v-part:(T,H,B)=(71.13188pt, 731.23582pt, 42.67914pt)
* \paperwidth=597.50787pt
* \paperheight=845.04684pt
* \textwidth=483.69684pt
* \textheight=731.23582pt
* \oddsidemargin=-1.1381pt
* \evensidemargin=-1.1381pt
* \topmargin=-38.1381pt
* \headheight=12.0pt
* \headsep=25.0pt
* \topskip=12.0pt
* \footskip=30.0pt
* \marginparwidth=35.0pt
* \marginparsep=10.0pt
* \columnsep=10.0pt
* \skip\footins=10.8pt plus 4.0pt minus 2.0pt
* \hoffset=0.0pt
* \voffset=0.0pt
* \mag=1000
* \@twocolumnfalse
* \@twosidefalse
* \@mparswitchfalse
* \@reversemarginfalse
* (1in=72.27pt=25.4mm, 1cm=28.453pt)

Package hyperref Info: Link coloring OFF on input line 21.
(/usr/share/texlive/texmf-dist/tex/latex/hyperref/nameref.sty
Package: nameref 2021-04-02 v2.47 Cross-referencing by name of section
 (/usr/share/texlive/texmf-dist/tex/latex/refcount/refcount.sty
Package: refcount 2019/12/15 v3.6 Data extraction from label references (HO)
) (/usr/share/texlive/texmf-dist/tex/generic/gettitlestring/gettitlestring.sty
Package: gettitlestring 2019/12/15 v1.6 Cleanup title references (HO)
)
\c@section@level=\count280
)
LaTeX Info: Redefining \ref on input line 21.
LaTeX Info: Redefining \pageref on input line 21.
LaTeX Info: Redefining \nameref on input line 21.
 (./sample.out) (./sample.out)
\@outlinefile=\write3
\openout3 = `sample.out'.

LaTeX Font Info:    External font `cmex10' loaded for size
(Font)              <14.4> on input line 24.
LaTeX Font Info:    External font `cmex10' loaded for size
(Font)              <7> on input line 24.
 (./sample.toc
LaTeX Font Info:    External font `cmex10' loaded for size
(Font)              <12> on input line 2.
LaTeX Font Info:    External font `cmex10' loaded for size
(Font)              <8> on input line 2.
LaTeX Font Info:    External font `cmex10' loaded for size
(Font)              <6> on input line 2.
)
\tf@toc=\write4
\openout4 = `sample.toc'.

 [1

{/var/lib/texmf/fonts/map/pdftex/updmap/pdftex.map}]
Overfull \hbox (12.67143pt too wide) in paragraph at lines 31--32
[]\T1/cmr/m/n/12 Gªównym za-ªo»e-niem pro-jektu byªo stworze-nie sys-temu au-to-nomicznego, za-si-lanego bateryjnie,
 []

[2]
<../images/schemat.jpg, id=140, 1659.19875pt x 1036.87375pt>
File: ../images/schemat.jpg Graphic file (type jpg)
<use ../images/schemat.jpg>
Package pdftex.def Info: ../images/schemat.jpg  used on input line 68.
(pdftex.def)             Requested size: 483.69684pt x 302.26782pt.
 [3 <../images/schemat.jpg>]
<../images/GPS_tracker.png, id=147, 1168.365pt x 728.7225pt>
File: ../images/GPS_tracker.png Graphic file (type png)
<use ../images/GPS_tracker.png>
Package pdftex.def Info: ../images/GPS_tracker.png  used on input line 146.
(pdftex.def)             Requested size: 386.95894pt x 241.34648pt.
<../images/GPS_tracke2r.png, id=148, 1168.365pt x 728.7225pt>
File: ../images/GPS_tracke2r.png Graphic file (type png)
<use ../images/GPS_tracke2r.png>
Package pdftex.def Info: ../images/GPS_tracke2r.png  used on input line 153.
(pdftex.def)             Requested size: 386.95894pt x 241.34648pt.
 [4 <../images/GPS_tracker.png>]
<../images/GPS_tracker_presentation.png, id=156, 994.46532pt x 637.63219pt>
File: ../images/GPS_tracker_presentation.png Graphic file (type png)
<use ../images/GPS_tracker_presentation.png>
Package pdftex.def Info: ../images/GPS_tracker_presentation.png  used on input line 160.
(pdftex.def)             Requested size: 435.32419pt x 279.11906pt.
 [5 <../images/GPS_tracke2r.png> <../images/GPS_tracker_presentation.png>]
Overfull \hbox (10.17285pt too wide) in paragraph at lines 168--169
[]\T1/cmr/m/n/12 Budowa track-era GPS wymaga poª¡czenia kilku ró»nych tech-nologii ko-mu-nika-cyjnych. Poni»ej
 []


Overfull \hbox (16.88559pt too wide) in paragraph at lines 190--191
[]\T1/cmr/m/n/12 ESP32 posi-ada tak»e wbu-dowane mod-uªy Wi-Fi i Blue-tooth, co czyni go ide-al-nym rozwi¡zaniem
 []

[6] [7]
<../images/Screenshot_20260109_143942_Chrome.jpg, id=204, 1084.05pt x 2347.77126pt>
File: ../images/Screenshot_20260109_143942_Chrome.jpg Graphic file (type jpg)
<use ../images/Screenshot_20260109_143942_Chrome.jpg>
Package pdftex.def Info: ../images/Screenshot_20260109_143942_Chrome.jpg  used on input line 252.
(pdftex.def)             Requested size: 217.6621pt x 471.37297pt.
 [8] [9 <../images/Screenshot_20260109_143942_Chrome.jpg>]
<../images/Screenshot_20260109_144825_Chrome.jpg, id=214, 1084.05pt x 1833.85126pt>
File: ../images/Screenshot_20260109_144825_Chrome.jpg Graphic file (type jpg)
<use ../images/Screenshot_20260109_144825_Chrome.jpg>
Package pdftex.def Info: ../images/Screenshot_20260109_144825_Chrome.jpg  used on input line 278.
(pdftex.def)             Requested size: 217.6621pt x 368.19086pt.
<../images/Screenshot_20260109_144835_Chrome.jpg, id=215, 1084.05pt x 1966.34625pt>
File: ../images/Screenshot_20260109_144835_Chrome.jpg Graphic file (type jpg)
<use ../images/Screenshot_20260109_144835_Chrome.jpg>
Package pdftex.def Info: ../images/Screenshot_20260109_144835_Chrome.jpg  used on input line 283.
(pdftex.def)             Requested size: 217.6621pt x 394.7925pt.
<../images/Screenshot_20260109_144831_Chrome.jpg, id=216, 1084.05pt x 1974.37625pt>
File: ../images/Screenshot_20260109_144831_Chrome.jpg Graphic file (type jpg)
<use ../images/Screenshot_20260109_144831_Chrome.jpg>
Package pdftex.def Info: ../images/Screenshot_20260109_144831_Chrome.jpg  used on input line 300.
(pdftex.def)             Requested size: 217.6621pt x 396.40471pt.
 [10 <../images/Screenshot_20260109_144825_Chrome.jpg> <../images/Screenshot_20260109_144835_Chrome.jpg>]
Overfull \hbox (24.55519pt too wide) in paragraph at lines 312--313
[]\T1/cmr/bx/n/12 Pobieranie: \T1/cmr/m/n/12 Trans-fer wybranego pliku .csv/.txt bezpo±red-nio do pami¦ci tele-fonu/komputera. 
 []

<../images/Screenshot_20260109_150502_Chrome.jpg, id=226, 1071.00125pt x 1954.30125pt>
File: ../images/Screenshot_20260109_150502_Chrome.jpg Graphic file (type jpg)
<use ../images/Screenshot_20260109_150502_Chrome.jpg>
Package pdftex.def Info: ../images/Screenshot_20260109_150502_Chrome.jpg  used on input line 319.
(pdftex.def)             Requested size: 241.84842pt x 441.30911pt.
[11 <../images/Screenshot_20260109_144831_Chrome.jpg>]
<../images/Screenshot_20260109_145718_Chrome.jpg, id=232, 1084.05pt x 1968.35374pt>
File: ../images/Screenshot_20260109_145718_Chrome.jpg Graphic file (type jpg)
<use ../images/Screenshot_20260109_145718_Chrome.jpg>
Package pdftex.def Info: ../images/Screenshot_20260109_145718_Chrome.jpg  used on input line 334.
(pdftex.def)             Requested size: 241.84842pt x 439.10616pt.
 [12 <../images/Screenshot_20260109_150502_Chrome.jpg>]
<../images/Screenshot_20260109_151924_Chrome.jpg, id=238, 1084.05pt x 1966.34625pt>
File: ../images/Screenshot_20260109_151924_Chrome.jpg Graphic file (type jpg)
<use ../images/Screenshot_20260109_151924_Chrome.jpg>
Package pdftex.def Info: ../images/Screenshot_20260109_151924_Chrome.jpg  used on input line 342.
(pdftex.def)             Requested size: 217.6621pt x 394.7925pt.
 [13 <../images/Screenshot_20260109_145718_Chrome.jpg>]
LaTeX Font Info:    Trying to load font information for T1+cmtt on input line 360.
 (/usr/share/texlive/texmf-dist/tex/latex/base/t1cmtt.fd
File: t1cmtt.fd 2019/12/16 v2.5j Standard LaTeX font definitions
) [14 <../images/Screenshot_20260109_151924_Chrome.jpg>]
<../images/20260109_150650.jpg, id=250, 3114.63625pt x 1672.2475pt>
File: ../images/20260109_150650.jpg Graphic file (type jpg)
<use ../images/20260109_150650.jpg>
Package pdftex.def Info: ../images/20260109_150650.jpg  used on input line 377.
(pdftex.def)             Requested size: 338.5863pt x 181.7789pt.
 [15 <../images/20260109_150650.jpg>]
Overfull \hbox (2.70633pt too wide) in paragraph at lines 433--434
\T1/cmr/m/n/12 naty-ch-mi-as-towo (za-zwyczaj poni»ej 5 sekund), co potwierdza poprawno±¢ dzi-aªa-nia ukªadu
 []

[16] [17] [18]
Underfull \hbox (badness 2326) in paragraph at lines 496--497
[]\T1/cmr/m/n/12 Espressif Sys-tems. \T1/cmr/m/it/12 ESP32 Tech-ni-cal Ref-er-ence Man-ual\T1/cmr/m/n/12 . 2024. [On-line]. Dost¦pne:
 []


Underfull \hbox (badness 10000) in paragraph at lines 496--497
[]$\T1/cmtt/m/n/12 https : / / www . espressif . com / sites / default / files / documentation / esp32 _
 []


Underfull \hbox (badness 10000) in paragraph at lines 499--500
[]\T1/cmr/m/n/12 MSalamon.pl. \T1/cmr/m/it/12 ESP32 od Pod-staw ^^U Przegl¡d Rodzin Ukªadów i Ich Na-
 []


Underfull \hbox (badness 1694) in paragraph at lines 499--500
\T1/cmr/m/it/12 jwa»niejszych Cech\T1/cmr/m/n/12 . 2025. [On-line]. Dost¦pne: []$\T1/cmtt/m/n/12 https : / / sklep . msalamon . pl / blog /
 []


Underfull \hbox (badness 10000) in paragraph at lines 514--515
[]\T1/cmr/m/n/12 WonderfulPCB. \T1/cmr/m/it/12 Wybór wªa±-ci-wego pro-tokoªu ko-mu-nika-cyjnego: I2C, SPI lub
 []


Underfull \hbox (badness 10000) in paragraph at lines 514--515
\T1/cmr/m/it/12 UART\T1/cmr/m/n/12 . 2025. [On-line]. Dost¦pne: []$\T1/cmtt/m/n/12 https : / / www . wonderfulpcb . com / pl / blog /
 []


Underfull \hbox (badness 2020) in paragraph at lines 520--521
[]\T1/cmr/m/n/12 Comparative Ex-per-i-men-tal Eval-u-a-tion of the Er-ror of GPS Mod-ules. \T1/cmr/m/it/12 Au-to-matic
 []


Underfull \hbox (badness 1859) in paragraph at lines 520--521
\T1/cmr/m/it/12 Con-trol and Power Sys-tems\T1/cmr/m/n/12 , vol. 10, no. 2, 2025. [On-line]. Dost¦pne: []$\T1/cmtt/m/n/12 https :
 []


Underfull \hbox (badness 10000) in paragraph at lines 520--521
\T1/cmtt/m/n/12 / / science . lpnu . ua / acps / all-[]volumes-[]and-[]issues / volume-[]10-[]number-[]2-[]2025 /
 []


Underfull \hbox (badness 10000) in paragraph at lines 523--524
[]\T1/cmr/m/n/12 DeepBlueEmbedded. \T1/cmr/m/it/12 ESP32 Sleep Modes & Power Con-sump-
 []


Underfull \hbox (badness 10000) in paragraph at lines 523--524
\T1/cmr/m/it/12 tion\T1/cmr/m/n/12 . (b.d.). [On-line]. Dost¦pne: []$\T1/cmtt/m/n/12 https : / / deepbluembedded . com /
 []


Underfull \hbox (badness 10000) in paragraph at lines 526--527
[]\T1/cmr/m/n/12 Robotics Bangladesh. \T1/cmr/m/it/12 GPS Mod-ule NEO-6M Satel-lite Po-si-tion-ing Mod-ule\T1/cmr/m/n/12 .
 []


Underfull \hbox (badness 10000) in paragraph at lines 526--527
\T1/cmr/m/n/12 (b.d.). [On-line]. Dost¦pne: []$\T1/cmtt/m/n/12 https : / / roboticsbd . com / electronics-[]module /
 []


Overfull \hbox (245.55603pt too wide) in paragraph at lines 526--527
\T1/cmtt/m/n/12 2397-[]gps-[]module-[]neo-[]6m-[]satellite-[]positioning-[]module-[]for-[]arduino-[]with-[]microusb-[]robotics-[]bangladesh-[]roboticsbd-[]745 .
 []


Underfull \hbox (badness 10000) in paragraph at lines 529--530
[]\T1/cmr/m/n/12 BitBank Soft-ware. \T1/cmr/m/it/12 How much cur-rent do OLED dis-plays use?\T1/cmr/m/n/12 . 2019.
 []


Underfull \hbox (badness 10000) in paragraph at lines 529--530
\T1/cmr/m/n/12 [On-line]. Dost¦pne: []$\T1/cmtt/m/n/12 https : / / bitbanksoftware . blogspot . com / 2019 / 06 /
 []

[19] (./sample.aux)
Package rerunfilecheck Info: File `sample.out' has not changed.
(rerunfilecheck)             Checksum: 408EA5D56E9670D4E5EF00A92D75451E;5004.
 ) 
Here is how much of TeX's memory you used:
 9488 strings out of 480247
 150393 string characters out of 5896152
 448606 words of memory out of 5000000
 27227 multiletter control sequences out of 15000+600000
 480420 words of font info for 51 fonts, out of 8000000 for 9000
 14 hyphenation exceptions out of 8191
 60i,8n,63p,603b,409s stack positions out of 5000i,500n,10000p,200000b,80000s
 </home/pawel/.texlive2021/texmf-var/fonts/pk/ljfour/jknappen/ec/ecti1200.600pk> </home/pawel/.texlive2021/texmf-var/fonts/pk/ljfour/jknappen/ec/ectt1200.600pk> </home/pawel/.texlive2021/texmf-var/fonts/pk/ljfour/jknappen/ec/tcrm1200.600pk> </home/pawel/.texlive2021/texmf-var/fonts/pk/ljfour/jknappen/ec/ecbx1440.600pk> </home/pawel/.texlive2021/texmf-var/fonts/pk/ljfour/jknappen/ec/ecrm1200.600pk> </home/pawel/.texlive2021/texmf-var/fonts/pk/ljfour/jknappen/ec/ecbx1200.600pk> </home/pawel/.texlive2021/texmf-var/fonts/pk/ljfour/jknappen/ec/ecbx1728.600pk> </home/pawel/.texlive2021/texmf-var/fonts/pk/ljfour/jknappen/ec/ecrm1440.600pk> </home/pawel/.texlive2021/texmf-var/fonts/pk/ljfour/jknappen/ec/ecbx2074.600pk></usr/share/texlive/texmf-dist/fonts/type1/public/amsfonts/cm/cmmi12.pfb></usr/share/texlive/texmf-dist/fonts/type1/public/amsfonts/cm/cmr12.pfb></usr/share/texlive/texmf-dist/fonts/type1/public/amsfonts/cm/cmsy10.pfb>
Output written on sample.pdf (19 pages, 3761881 bytes).
PDF statistics:
 791 PDF objects out of 1000 (max. 8388607)
 329 compressed objects within 4 object streams
 79 named destinations out of 1000 (max. 500000)
 253 words of extra memory for PDF output out of 10000 (max. 10000000)

